<?xml version="1.0" encoding="UTF-8"?>
<!-- Generated by org.testng.reporters.JUnitReportReporter -->
<testsuite skipped="0" hostname="DESKTOP-SU3JC61" name="javatest.ExtentReportofLogin" tests="1" failures="0" timestamp="2021-06-24T12:03:10 IST" time="0.819" errors="0">
  <testcase name="extentreport" time="0.819" classname="javatest.ExtentReportofLogin"/>
  <system-out/>
</testsuite> <!-- javatest.ExtentReportofLogin -->
